<?xml version="1.0" encoding="UTF-8" ?>
<testsuite errors="0" failures="0" hostname="TNNB1017" name="TestMessageUtil" skipped="0" tests="2" time="0.054" timestamp="2019-08-21T08:55:28">
  <properties>
    <property name="java.vendor" value="Oracle Corporation" />
    <property name="sun.java.launcher" value="SUN_STANDARD" />
    <property name="sun.management.compiler" value="HotSpot 64-Bit Tiered Compilers" />
    <property name="os.name" value="Windows 7" />
    <property name="sun.boot.class.path" value="C:\Program Files (x86)\Java\jdk-8u151\jre\lib\resources.jar;C:\Program Files (x86)\Java\jdk-8u151\jre\lib\rt.jar;C:\Program Files (x86)\Java\jdk-8u151\jre\lib\sunrsasign.jar;C:\Program Files (x86)\Java\jdk-8u151\jre\lib\jsse.jar;C:\Program Files (x86)\Java\jdk-8u151\jre\lib\jce.jar;C:\Program Files (x86)\Java\jdk-8u151\jre\lib\charsets.jar;C:\Program Files (x86)\Java\jdk-8u151\jre\lib\jfr.jar;C:\Program Files (x86)\Java\jdk-8u151\jre\classes" />
    <property name="sun.desktop" value="windows" />
    <property name="java.vm.specification.vendor" value="Oracle Corporation" />
    <property name="ant.home" value="C:\ant\apache-ant-1.10.6" />
    <property name="java.runtime.version" value="1.8.0_151-b12" />
    <property name="user.name" value="future.wei" />
    <property name="ant.file.JunitTest" value="C:\Junit_workspace\TestJunitWithAnt\build.xml" />
    <property name="user.language" value="en" />
    <property name="sun.boot.library.path" value="C:\Program Files (x86)\Java\jdk-8u151\jre\bin" />
    <property name="ant.project.default-target" value="test" />
    <property name="srcdir" value="C:\Junit_workspace\TestJunitWithAnt\src" />
    <property name="ant.project.name" value="JunitTest" />
    <property name="java.version" value="1.8.0_151" />
    <property name="user.timezone" value="" />
    <property name="sun.arch.data.model" value="64" />
    <property name="java.endorsed.dirs" value="C:\Program Files (x86)\Java\jdk-8u151\jre\lib\endorsed" />
    <property name="sun.cpu.isalist" value="amd64" />
    <property name="sun.jnu.encoding" value="Cp1252" />
    <property name="file.encoding.pkg" value="sun.io" />
    <property name="file.separator" value="\" />
    <property name="java.specification.name" value="Java Platform API Specification" />
    <property name="report.path" value="report" />
    <property name="java.class.version" value="52.0" />
    <property name="user.country" value="US" />
    <property name="java.home" value="C:\Program Files (x86)\Java\jdk-8u151\jre" />
    <property name="java.vm.info" value="mixed mode" />
    <property name="ant.file" value="C:\Junit_workspace\TestJunitWithAnt\build.xml" />
    <property name="os.version" value="6.1" />
    <property name="ant.file.type.JunitTest" value="file" />
    <property name="path.separator" value=";" />
    <property name="java.vm.version" value="25.151-b12" />
    <property name="user.variant" value="" />
    <property name="ant.library.dir" value="C:\ant\apache-ant-1.10.6\lib" />
    <property name="java.awt.printerjob" value="sun.awt.windows.WPrinterJob" />
    <property name="sun.io.unicode.encoding" value="UnicodeLittle" />
    <property name="awt.toolkit" value="sun.awt.windows.WToolkit" />
    <property name="sun.stdout.encoding" value="cp437" />
    <property name="user.script" value="" />
    <property name="user.home" value="C:\Users\future.wei" />
    <property name="java.specification.vendor" value="Oracle Corporation" />
    <property name="java.library.path" value="C:\Program Files (x86)\Java\jdk-8u151\bin;C:\Windows\Sun\Java\bin;C:\Windows\system32;C:\Windows;D:\Program Files\wkhtmltopdf\bin;C:\Program Files (x86)\Common Files\Oracle\Java\javapath;C:\Program Files (x86)\Java\jdk-8u151\bin;C:\Program Files (x86)\Java\jdk-8u151\bin;C:\ProgramData\Oracle\Java\javapath;C:\Windows\system32;C:\Windows;C:\Windows\System32\Wbem;C:\Windows\System32\WindowsPowerShell\v1.0\;C:\Program Files\Intel\WiFi\bin\;C:\Program Files\Common Files\Intel\WirelessCommon\;C:\Program Files\ThinkPad\Bluetooth Software\;C:\Program Files\ThinkPad\Bluetooth Software\syswow64;C:\Program Files\OpenVPN\bin;C:\Program Files\Git\cmd;C:\Users\future.wei\Desktop\apache-maven-3.5.2-bin\bin;C:\Program Files\PuTTY\;C:\Program Files\OpenSSH\bin;C:\Windows\Microsoft.NET\Framework64\v4.0.30319;C:\Program Files\dotnet\;C:\Users\future.wei\Downloads\geckodriver-v0.19.1-win64\;C:\Users\future.wei\Downloads\chromedriver_win32;C:\Users\future.wei\Gradle\gradle-4.8\bin;C:\ant\apache-ant-1.10.6\bin;C:\Users\future.wei\AppData\Local\GitHubDesktop\bin;." />
    <property name="java.vendor.url" value="http://java.oracle.com/" />
    <property name="testdir" value="C:\Junit_workspace\TestJunitWithAnt\test" />
    <property name="java.vm.vendor" value="Oracle Corporation" />
    <property name="java.runtime.name" value="Java(TM) SE Runtime Environment" />
    <property name="sun.java.command" value="org.apache.tools.ant.launch.Launcher -cp .;C:\Program Files (x86)\Java\jdk-8u151\lib;C:\Program Files (x86)\Java\jdk-8u151\lib\dt.jar;C:\Program Files (x86)\Java\jdk-8u151\lib\tools.jar;C:\Users\future.wei\Desktop\apache-tomcat-8.5.24\BIN;%CLASSPATH%;C:\Junit\junit-4.10.jar;.;" />
    <property name="java.class.path" value="C:\ant\apache-ant-1.10.6\lib\ant-launcher.jar;C:\Junit_workspace\TestJunitWithAnt\.\;C:\Program Files (x86)\Java\jdk-8u151\lib\;C:\Program Files (x86)\Java\jdk-8u151\lib\dt.jar;C:\Program Files (x86)\Java\jdk-8u151\lib\tools.jar;C:\Users\future.wei\Desktop\apache-tomcat-8.5.24\BIN;C:\Junit\junit-4.10.jar;C:\Junit_workspace\TestJunitWithAnt\.\;C:\ant\apache-ant-1.10.6\lib\ant-antlr.jar;C:\ant\apache-ant-1.10.6\lib\ant-apache-bcel.jar;C:\ant\apache-ant-1.10.6\lib\ant-apache-bsf.jar;C:\ant\apache-ant-1.10.6\lib\ant-apache-log4j.jar;C:\ant\apache-ant-1.10.6\lib\ant-apache-oro.jar;C:\ant\apache-ant-1.10.6\lib\ant-apache-regexp.jar;C:\ant\apache-ant-1.10.6\lib\ant-apache-resolver.jar;C:\ant\apache-ant-1.10.6\lib\ant-apache-xalan2.jar;C:\ant\apache-ant-1.10.6\lib\ant-commons-logging.jar;C:\ant\apache-ant-1.10.6\lib\ant-commons-net.jar;C:\ant\apache-ant-1.10.6\lib\ant-imageio.jar;C:\ant\apache-ant-1.10.6\lib\ant-jai.jar;C:\ant\apache-ant-1.10.6\lib\ant-javamail.jar;C:\ant\apache-ant-1.10.6\lib\ant-jdepend.jar;C:\ant\apache-ant-1.10.6\lib\ant-jmf.jar;C:\ant\apache-ant-1.10.6\lib\ant-jsch.jar;C:\ant\apache-ant-1.10.6\lib\ant-junit.jar;C:\ant\apache-ant-1.10.6\lib\ant-junit4.jar;C:\ant\apache-ant-1.10.6\lib\ant-junitlauncher.jar;C:\ant\apache-ant-1.10.6\lib\ant-launcher.jar;C:\ant\apache-ant-1.10.6\lib\ant-netrexx.jar;C:\ant\apache-ant-1.10.6\lib\ant-swing.jar;C:\ant\apache-ant-1.10.6\lib\ant-testutil.jar;C:\ant\apache-ant-1.10.6\lib\ant-xz.jar;C:\ant\apache-ant-1.10.6\lib\ant.jar;C:\Program Files (x86)\Java\jdk-8u151\lib\tools.jar" />
    <property name="ant.version" value="Apache Ant(TM) version 1.10.6 compiled on May 2 2019" />
    <property name="java.vm.specification.name" value="Java Virtual Machine Specification" />
    <property name="ant.file.type" value="file" />
    <property name="java.vm.specification.version" value="1.8" />
    <property name="sun.cpu.endian" value="little" />
    <property name="sun.os.patch.level" value="Service Pack 1" />
    <property name="java.io.tmpdir" value="C:\Users\future.wei\AppData\Local\Temp\" />
    <property name="java.vendor.url.bug" value="http://bugreport.sun.com/bugreport/" />
    <property name="os.arch" value="amd64" />
    <property name="java.awt.graphicsenv" value="sun.awt.Win32GraphicsEnvironment" />
    <property name="java.ext.dirs" value="C:\Program Files (x86)\Java\jdk-8u151\jre\lib\ext;C:\Windows\Sun\Java\lib\ext" />
    <property name="user.dir" value="C:\Junit_workspace\TestJunitWithAnt" />
    <property name="line.separator" value="&#xd;&#xa;" />
    <property name="java.vm.name" value="Java HotSpot(TM) 64-Bit Server VM" />
    <property name="basedir" value="C:\Junit_workspace\TestJunitWithAnt" />
    <property name="ant.java.version" value="1.8" />
    <property name="ant.core.lib" value="C:\ant\apache-ant-1.10.6\lib\ant.jar" />
    <property name="sun.stderr.encoding" value="cp437" />
    <property name="file.encoding" value="Cp1252" />
    <property name="java.specification.version" value="1.8" />
    <property name="ant.project.invoked-targets" value="test" />
    <property name="full-compile" value="true" />
  </properties>
  <testcase classname="TestMessageUtil" name="testSalutationMessage" time="0.001" />
  <testcase classname="TestMessageUtil" name="testPrintMessage" time="0.0" />
  <system-out><![CDATA[Inside testSalutationMessage()
Hi!Robert
Inside testPrintMessage()
Robert
]]></system-out>
  <system-err><![CDATA[]]></system-err>
</testsuite>
